<?xml version="1.0" encoding="UTF-8"?>
<testng-results skipped="0" failed="0" ignored="0" total="1" passed="1">
  <reporter-output>
  </reporter-output>
  <suite name="Suite" duration-ms="34539" started-at="2022-03-10T15:42:47 IST" finished-at="2022-03-10T15:43:21 IST">
    <groups>
    </groups>
    <test name="Test" duration-ms="34539" started-at="2022-03-10T15:42:47 IST" finished-at="2022-03-10T15:43:21 IST">
      <class name="practice.Fliplart">
        <test-method status="PASS" signature="selectcity()[pri:0, instance:practice.Fliplart@7c29daf3]" name="selectcity" duration-ms="34435" started-at="2022-03-10T15:42:47 IST" finished-at="2022-03-10T15:43:21 IST">
          <reporter-output>
          </reporter-output>
        </test-method> <!-- selectcity -->
      </class> <!-- practice.Fliplart -->
    </test> <!-- Test -->
  </suite> <!-- Suite -->
</testng-results>
