<?xml version="1.0" encoding="UTF-8"?>
<testng-results skipped="0" failed="0" ignored="0" total="1" passed="1">
  <reporter-output>
  </reporter-output>
  <suite name="Default suite" duration-ms="71374" started-at="2022-03-10T15:36:04 IST" finished-at="2022-03-10T15:37:15 IST">
    <groups>
    </groups>
    <test name="Default test" duration-ms="71374" started-at="2022-03-10T15:36:04 IST" finished-at="2022-03-10T15:37:15 IST">
      <class name="practice.Fliplart">
        <test-method status="PASS" signature="selectcity()[pri:0, instance:practice.Fliplart@7a187f14]" name="selectcity" duration-ms="71161" started-at="2022-03-10T15:36:04 IST" finished-at="2022-03-10T15:37:15 IST">
          <reporter-output>
          </reporter-output>
        </test-method> <!-- selectcity -->
      </class> <!-- practice.Fliplart -->
    </test> <!-- Default test -->
  </suite> <!-- Default suite -->
</testng-results>
